<?xml version="1.0" encoding="UTF-8"?>
<testsuite name="com.bridgelaz.UpdatedFindMax" tests="1" skipped="1" failures="0" errors="0" timestamp="2019-11-29T09:24:25" hostname="admin1-desktop" time="72.288">
  <properties/>
  <testcase name="givenThreeIntegerNumber_ReturnMaximumNumber_FromFirstPlace" classname="com.bridgelaz.UpdatedFindMax" time="72.288">
    <skipped/>
  </testcase>
  <system-out><![CDATA[]]></system-out>
  <system-err><![CDATA[]]></system-err>
</testsuite>
